forge script script/deploy/IntentSimpleAccount.s.sol \
    --rpc-url $RPC_URL \
     --broadcast \
     --verify \
     --slow \
     --etherscan-api-key $ETHEREUMSCAN_API_KEY \
     --verifier-url $VERIFY_URL \
     --ffi -vvvv
[⠒] Compiling...
No files changed, compilation skipped
EIP-3855 is not supported in one or more of the RPCs used.
Unsupported Chain IDs: 56.
Contracts deployed with a Solidity version equal or higher than 0.8.20 might not work properly.
For more information, please see https://eips.ethereum.org/EIPS/eip-3855
Traces:
  [2572234] DeploySimpleAccount::run()
    ├─ [0] VM::envUint("FACTORY_SALT") [staticcall]
    │   └─ ← [Return] <env var value>
    ├─ [0] VM::envUint("FACTORY_DEPLOYER_KEY") [staticcall]
    │   └─ ← [Return] <env var value>
    ├─ [0] VM::addr(<pk>) [staticcall]
    │   └─ ← [Return] 0x93C319d78C6C36633d70DA4Fc726843B7465F43D
    ├─ [0] VM::envUint("WALLET_SALT") [staticcall]
    │   └─ ← [Return] <env var value>
    ├─ [0] VM::envUint("WALLET_DEPLOYER_KEY") [staticcall]
    │   └─ ← [Return] <env var value>
    ├─ [0] VM::addr(<pk>) [staticcall]
    │   └─ ← [Return] 0x1E13289c8d59947b5959E74415F68Ef56805ffeC
    ├─ [0] console::log("Factory Deployer:", 0x93C319d78C6C36633d70DA4Fc726843B7465F43D) [staticcall]
    │   └─ ← [Stop]
    ├─ [0] console::log("Factory Salt:", 0) [staticcall]
    │   └─ ← [Stop]
    ├─ [0] console::log("Wallet Deployer:", 0x1E13289c8d59947b5959E74415F68Ef56805ffeC) [staticcall]
    │   └─ ← [Stop]
    ├─ [0] console::log("Wallet Salt:", 0) [staticcall]
    │   └─ ← [Stop]
    ├─ [0] VM::startBroadcast(<pk>)
    │   └─ ← [Return]
    ├─ [2376802] Create2Deployer::create2()
    │   ├─ [2339166] → new IntentSimpleAccountFactory@0xF097097A6c950927Bdb1cA9e5Cb5f454713861A6
    │   │   ├─ [1890476] → new IntentSimpleAccount@0xB65fBA9825b8c5A974b7aF6f6209592fAeb849eC
    │   │   │   ├─ emit Initialized(version: 255)
    │   │   │   └─ ← [Return] 9323 bytes of code
    │   │   └─ ← [Return] 2067 bytes of code
    │   └─ ← [Return] 0xf097097a6c950927bdb1ca9e5cb5f454713861a6
    ├─ [181] IntentSimpleAccountFactory::accountImplementation() [staticcall]
    │   └─ ← [Return] IntentSimpleAccount: [0xB65fBA9825b8c5A974b7aF6f6209592fAeb849eC]
    ├─ [0] console::log("Deployed new factory at:", IntentSimpleAccountFactory: [0xF097097A6c950927Bdb1cA9e5Cb5f454713861A6]) [staticcall]
    │   └─ ← [Stop]
    ├─ [0] console::log("Deployed new implementation at:", IntentSimpleAccount: [0xB65fBA9825b8c5A974b7aF6f6209592fAeb849eC]) [staticcall]
    │   └─ ← [Stop]
    ├─ [0] VM::stopBroadcast()
    │   └─ ← [Return]
    ├─ [0] VM::startBroadcast(<pk>)
    │   └─ ← [Return]
    ├─ [2200] IntentSimpleAccountFactory::getAddress(0x1E13289c8d59947b5959E74415F68Ef56805ffeC, 0) [staticcall]
    │   └─ ← [Return] ERC1967Proxy: [0x388b635c58Ee82a6748A2033f4520E6976064CE3]
    ├─ [0] console::log("Predicted account address:", ERC1967Proxy: [0x388b635c58Ee82a6748A2033f4520E6976064CE3]) [staticcall]
    │   └─ ← [Stop]
    ├─ [121263] IntentSimpleAccountFactory::createAccount(0x1E13289c8d59947b5959E74415F68Ef56805ffeC, 0)
    │   ├─ [85828] → new ERC1967Proxy@0x388b635c58Ee82a6748A2033f4520E6976064CE3
    │   │   ├─ emit Upgraded(implementation: IntentSimpleAccount: [0xB65fBA9825b8c5A974b7aF6f6209592fAeb849eC])
    │   │   ├─ [26866] IntentSimpleAccount::initialize(0x1E13289c8d59947b5959E74415F68Ef56805ffeC) [delegatecall]
    │   │   │   ├─ emit SimpleAccountInitialized(entryPoint: 0x5FF137D4b0FDCD49DcA30c7CF57E578a026d2789, owner: 0x1E13289c8d59947b5959E74415F68Ef56805ffeC)
    │   │   │   ├─ emit Initialized(version: 1)
    │   │   │   └─ ← [Stop]
    │   │   └─ ← [Return] 170 bytes of code
    │   └─ ← [Return] ERC1967Proxy: [0x388b635c58Ee82a6748A2033f4520E6976064CE3]
    ├─ [0] console::log("Deployed new account proxy at:", ERC1967Proxy: [0x388b635c58Ee82a6748A2033f4520E6976064CE3]) [staticcall]
    │   └─ ← [Stop]
    ├─ [0] VM::stopBroadcast()
    │   └─ ← [Return]
    ├─ emit Deployed(implementation: IntentSimpleAccount: [0xB65fBA9825b8c5A974b7aF6f6209592fAeb849eC], factory: IntentSimpleAccountFactory: [0xF097097A6c950927Bdb1cA9e5Cb5f454713861A6], proxy: ERC1967Proxy: [0x388b635c58Ee82a6748A2033f4520E6976064CE3], initData: 0xc4d66de80000000000000000000000001e13289c8d59947b5959e74415f68ef56805ffec)
    └─ ← [Stop]


Script ran successfully.

== Logs ==
  Factory Deployer: 0x93C319d78C6C36633d70DA4Fc726843B7465F43D
  Factory Salt: 0
  Wallet Deployer: 0x1E13289c8d59947b5959E74415F68Ef56805ffeC
  Wallet Salt: 0
  Deployed new factory at: 0xF097097A6c950927Bdb1cA9e5Cb5f454713861A6
  Deployed new implementation at: 0xB65fBA9825b8c5A974b7aF6f6209592fAeb849eC
  Predicted account address: 0x388b635c58Ee82a6748A2033f4520E6976064CE3
  Deployed new account proxy at: 0x388b635c58Ee82a6748A2033f4520E6976064CE3

## Setting up 1 EVM.
==========================
Simulated On-chain Traces:

  [2376802] Create2Deployer::create2()
    ├─ [2339166] → new IntentSimpleAccountFactory@0xF097097A6c950927Bdb1cA9e5Cb5f454713861A6
    │   ├─ [1890476] → new IntentSimpleAccount@0xB65fBA9825b8c5A974b7aF6f6209592fAeb849eC
    │   │   ├─ emit Initialized(version: 255)
    │   │   └─ ← [Return] 9323 bytes of code
    │   └─ ← [Return] 2067 bytes of code
    └─ ← [Return] 0xf097097a6c950927bdb1ca9e5cb5f454713861a6

  [126263] IntentSimpleAccountFactory::createAccount(0x1E13289c8d59947b5959E74415F68Ef56805ffeC, 0)
    ├─ [88328] → new ERC1967Proxy@0x388b635c58Ee82a6748A2033f4520E6976064CE3
    │   ├─ emit Upgraded(implementation: IntentSimpleAccount: [0xB65fBA9825b8c5A974b7aF6f6209592fAeb849eC])
    │   ├─ [26866] IntentSimpleAccount::initialize(0x1E13289c8d59947b5959E74415F68Ef56805ffeC) [delegatecall]
    │   │   ├─ emit SimpleAccountInitialized(entryPoint: 0x5FF137D4b0FDCD49DcA30c7CF57E578a026d2789, owner: 0x1E13289c8d59947b5959E74415F68Ef56805ffeC)
    │   │   ├─ emit Initialized(version: 1)
    │   │   └─ ← [Stop]
    │   └─ ← [Return] 170 bytes of code
    └─ ← [Return] ERC1967Proxy: [0x388b635c58Ee82a6748A2033f4520E6976064CE3]


==========================

Chain 56

Estimated gas price: 1 gwei

Estimated total gas used for script: 3771910

Estimated amount required: 0.00377191 ETH

==========================

##### bsc
✅  [Success]Hash: 0x607896e64fb1303ead9dd8cca0d9e46ead0010d19edb7e56f2651e4af511e9fd
Block: 43690248
Paid: 0.002582974 ETH (2582974 gas * 1 gwei)


##### bsc
✅  [Success]Hash: 0x6aca6be1561dc43535f8e9d0f3f963388de5869bab8c93462b35f12cfe097beb
Block: 43690250
Paid: 0.000147823 ETH (147823 gas * 1 gwei)

✅ Sequence #1 on bsc | Total Paid: 0.002730797 ETH (2730797 gas * avg 1 gwei)


==========================

ONCHAIN EXECUTION COMPLETE & SUCCESSFUL.
##
Start verification for (1) contracts
Start verifying contract `0xF097097A6c950927Bdb1cA9e5Cb5f454713861A6` deployed on bsc

Submitting verification for [src/IntentSimpleAccountFactory.sol:IntentSimpleAccountFactory] 0xF097097A6c950927Bdb1cA9e5Cb5f454713861A6.

Submitting verification for [src/IntentSimpleAccountFactory.sol:IntentSimpleAccountFactory] 0xF097097A6c950927Bdb1cA9e5Cb5f454713861A6.
Submitted contract for verification:
	Response: `OK`
	GUID: `qgcbj3b9cpuelaf8ra7tzn4djyknqkxfxnphfkm5pguffmuja9`
	URL: https://bscscan.com/address/0xf097097a6c950927bdb1ca9e5cb5f454713861a6
Contract verification status:
Response: `NOTOK`
Details: `Pending in queue`
Contract verification status:
Response: `OK`
Details: `Pass - Verified`
Contract successfully verified
All (1) contracts were verified!

Transactions saved to: /Users/mar/go/src/github.com/blndgs/intentaccounts/broadcast/IntentSimpleAccount.s.sol/56/run-latest.json

Sensitive values saved to: /Users/mar/go/src/github.com/blndgs/intentaccounts/cache/IntentSimpleAccount.s.sol/56/run-latest.json